<?xml version="1.0" encoding="UTF-8"?>
<testsuite xmlns:xsi="http://www.w3.org/2001/XMLSchema-instance" xsi:noNamespaceSchemaLocation="https://maven.apache.org/surefire/maven-surefire-plugin/xsd/surefire-test-report-3.0.xsd" version="3.0" name="runner.TestRunner" time="53.384" tests="21" errors="0" skipped="0" failures="0">
  <properties>
[...]
</properties>
  <testcase name="Given User is on Retail website" classname="| sdet@tekschool.us | sdet |" time="0.001"/>
  <testcase name="And User click  on MyAccount" classname="| sdet@tekschool.us | sdet |" time="0"/>
  <testcase name="When User click on Login" classname="| sdet@tekschool.us | sdet |" time="0.001"/>
  <testcase name="And User enter username &apos;sdet@tekschool.us&apos; and password &apos;sdet&apos;" classname="| sdet@tekschool.us | sdet |" time="0"/>
  <testcase name="And User click on Login button" classname="| sdet@tekschool.us | sdet |" time="0"/>
  <testcase name="Then User should be logged in to MyAccount dashboard" classname="| sdet@tekschool.us | sdet |" time="0"/>
  <testcase name="| sdet@tekschool.us | sdet |" classname="| sdet@tekschool.us | sdet |" time="0.771"/>
  <testcase name="Given User is on Retail website" classname="| consumer@tekschool.us | JBond |" time="0"/>
  <testcase name="And User click  on MyAccount" classname="| consumer@tekschool.us | JBond |" time="0"/>
  <testcase name="When User click on Login" classname="| consumer@tekschool.us | JBond |" time="0.002"/>
  <testcase name="And User enter username &apos;consumer@tekschool.us&apos; and password &apos;JBond&apos;" classname="| consumer@tekschool.us | JBond |" time="0"/>
  <testcase name="And User click on Login button" classname="| consumer@tekschool.us | JBond |" time="0"/>
  <testcase name="Then User should be logged in to MyAccount dashboard" classname="| consumer@tekschool.us | JBond |" time="0"/>
  <testcase name="| consumer@tekschool.us | JBond |" classname="| consumer@tekschool.us | JBond |" time="0.72"/>
  <testcase name="Given User is on Retail website" classname="| students@tekschool.us | TEST |" time="0"/>
  <testcase name="And User click  on MyAccount" classname="| students@tekschool.us | TEST |" time="0"/>
  <testcase name="When User click on Login" classname="| students@tekschool.us | TEST |" time="0"/>
  <testcase name="And User enter username &apos;students@tekschool.us&apos; and password &apos;TEST&apos;" classname="| students@tekschool.us | TEST |" time="0"/>
  <testcase name="And User click on Login button" classname="| students@tekschool.us | TEST |" time="0"/>
  <testcase name="Then User should be logged in to MyAccount dashboard" classname="| students@tekschool.us | TEST |" time="0"/>
  <testcase name="| students@tekschool.us | TEST |" classname="| students@tekschool.us | TEST |" time="0.743"/>
</testsuite>